<?xml version="1.0" encoding="UTF-8"?>
<robot generator="Robot 6.1.1 (Python 3.12.0 on win32)" generated="20231030 10:00:45.504" rpa="false" schemaversion="4">
<suite id="s1" name="MyFirstProject" source="C:\Users\HP\Documents\azure\MyFirstProject">
<suite id="s1-s1" name="Web Tests" source="C:\Users\HP\Documents\azure\MyFirstProject\web_tests">
<suite id="s1-s1-s1" name="Tests" source="C:\Users\HP\Documents\azure\MyFirstProject\web_tests\tests">
<suite id="s1-s1-s1-s1" name="Gherkin Login" source="C:\Users\HP\Documents\azure\MyFirstProject\web_tests\tests\gherkin_login.robot">
<test id="s1-s1-s1-s1-t1" name="Valid Login" line="15">
<kw name="Given browser is opened to login page">
<kw name="Open Browser To Login Page" library="home_page_core">
<kw name="Open Browser" library="SeleniumLibrary">
<arg>${_LOGIN_URL_}</arg>
<arg>${_BROWSER_}</arg>
<doc>Opens a new browser instance to the optional ``url``.</doc>
<msg timestamp="20231030 10:00:45.651" level="INFO">Opening browser 'EDGE' to base url 'http://localhost:7272/'.</msg>
<msg timestamp="20231030 10:00:46.125" level="WARN">The msedgedriver version (117.0.2045.60) detected in PATH at C:\Users\HP\AppData\Local\Programs\Python\Python312\Scripts\msedgedriver.exe might not be compatible with the detected edge version (118.0.2088.61); currently, msedgedriver 118.0.2088.76 is recommended for edge 118.*, so it is advised to delete the driver in PATH and retry</msg>
<status status="PASS" starttime="20231030 10:00:45.650" endtime="20231030 10:00:47.760"/>
</kw>
<kw name="Maximize Browser Window" library="SeleniumLibrary">
<doc>Maximizes current browser window.</doc>
<status status="PASS" starttime="20231030 10:00:47.760" endtime="20231030 10:00:47.894"/>
</kw>
<kw name="Set Selenium Speed" library="SeleniumLibrary">
<arg>${_DELAY_}</arg>
<doc>Sets the delay that is waited after each Selenium command.</doc>
<status status="PASS" starttime="20231030 10:00:47.894" endtime="20231030 10:00:47.894"/>
</kw>
<kw name="Login Page Should Be Open" library="home_page_core">
<kw name="Title Should Be" library="SeleniumLibrary">
<arg>Login Page</arg>
<doc>Verifies that the current page title equals ``title``.</doc>
<msg timestamp="20231030 10:00:47.902" level="INFO">Page title is 'Login Page'.</msg>
<status status="PASS" starttime="20231030 10:00:47.894" endtime="20231030 10:00:47.902"/>
</kw>
<status status="PASS" starttime="20231030 10:00:47.894" endtime="20231030 10:00:47.902"/>
</kw>
<status status="PASS" starttime="20231030 10:00:45.649" endtime="20231030 10:00:47.902"/>
</kw>
<status status="PASS" starttime="20231030 10:00:45.649" endtime="20231030 10:00:47.902"/>
</kw>
<kw name="When user &quot;demo&quot; logs in with password &quot;mode&quot;" sourcename="User &quot;${username}&quot; logs in with password &quot;${password}&quot;">
<kw name="Input Username" library="home_page_core">
<arg>${username}</arg>
<kw name="Input Text" library="SeleniumLibrary">
<arg>${input_login}</arg>
<arg>${username}</arg>
<doc>Types the given ``text`` into the text field identified by ``locator``.</doc>
<msg timestamp="20231030 10:00:47.903" level="INFO">Typing text 'demo' into text field 'username_field'.</msg>
<status status="PASS" starttime="20231030 10:00:47.903" endtime="20231030 10:00:48.027"/>
</kw>
<status status="PASS" starttime="20231030 10:00:47.903" endtime="20231030 10:00:48.027"/>
</kw>
<kw name="Input Password" library="home_page_core">
<arg>${password}</arg>
<kw name="Input Text" library="SeleniumLibrary">
<arg>${input_password}</arg>
<arg>${password}</arg>
<doc>Types the given ``text`` into the text field identified by ``locator``.</doc>
<msg timestamp="20231030 10:00:48.028" level="INFO">Typing text 'mode' into text field 'password_field'.</msg>
<status status="PASS" starttime="20231030 10:00:48.028" endtime="20231030 10:00:48.129"/>
</kw>
<status status="PASS" starttime="20231030 10:00:48.027" endtime="20231030 10:00:48.129"/>
</kw>
<kw name="Submit Credentials" library="home_page_core">
<kw name="Click Button" library="SeleniumLibrary">
<arg>${btn_submit}</arg>
<doc>Clicks the button identified by ``locator``.</doc>
<msg timestamp="20231030 10:00:48.130" level="INFO">Clicking button 'login_button'.</msg>
<status status="PASS" starttime="20231030 10:00:48.129" endtime="20231030 10:00:48.216"/>
</kw>
<status status="PASS" starttime="20231030 10:00:48.129" endtime="20231030 10:00:48.216"/>
</kw>
<status status="PASS" starttime="20231030 10:00:47.902" endtime="20231030 10:00:48.216"/>
</kw>
<kw name="Then welcome page should be open" library="home_page_core">
<kw name="Location Should Be" library="SeleniumLibrary">
<arg>${_WELCOME_URL_}</arg>
<doc>Verifies that the current URL is exactly ``url``.</doc>
<msg timestamp="20231030 10:00:48.222" level="INFO">Current location is 'http://localhost:7272/welcome.html'.</msg>
<status status="PASS" starttime="20231030 10:00:48.217" endtime="20231030 10:00:48.222"/>
</kw>
<kw name="Title Should Be" library="SeleniumLibrary">
<arg>Welcome Page</arg>
<doc>Verifies that the current page title equals ``title``.</doc>
<msg timestamp="20231030 10:00:48.225" level="INFO">Page title is 'Welcome Page'.</msg>
<status status="PASS" starttime="20231030 10:00:48.222" endtime="20231030 10:00:48.227"/>
</kw>
<status status="PASS" starttime="20231030 10:00:48.216" endtime="20231030 10:00:48.227"/>
</kw>
<kw name="Close Browser" library="SeleniumLibrary" type="TEARDOWN">
<doc>Closes the current browser.</doc>
<status status="PASS" starttime="20231030 10:00:48.227" endtime="20231030 10:00:50.376"/>
</kw>
<doc>TEST VALID LOGIN USING GHERKIN KEYWORD STRATEGY</doc>
<tag>RBF-12</tag>
<tag>WEB_TEST</tag>
<status status="PASS" starttime="20231030 10:00:45.648" endtime="20231030 10:00:50.376"/>
</test>
<doc>A test suite with a single Gherkin style test.

This test is functionally identical to the example in
valid_login.robot file.</doc>
<status status="PASS" starttime="20231030 10:00:45.520" endtime="20231030 10:00:50.377"/>
</suite>
<suite id="s1-s1-s1-s2" name="Tdd Invalid Login" source="C:\Users\HP\Documents\azure\MyFirstProject\web_tests\tests\tdd_invalid_login.robot">
<kw name="Open Browser To Login Page" library="home_page_core" type="SETUP">
<kw name="Open Browser" library="SeleniumLibrary">
<arg>${_LOGIN_URL_}</arg>
<arg>${_BROWSER_}</arg>
<doc>Opens a new browser instance to the optional ``url``.</doc>
<msg timestamp="20231030 10:00:50.381" level="INFO">Opening browser 'EDGE' to base url 'http://localhost:7272/'.</msg>
<msg timestamp="20231030 10:00:50.786" level="WARN">The msedgedriver version (117.0.2045.60) detected in PATH at C:\Users\HP\AppData\Local\Programs\Python\Python312\Scripts\msedgedriver.exe might not be compatible with the detected edge version (118.0.2088.61); currently, msedgedriver 118.0.2088.76 is recommended for edge 118.*, so it is advised to delete the driver in PATH and retry</msg>
<status status="PASS" starttime="20231030 10:00:50.380" endtime="20231030 10:00:52.248"/>
</kw>
<kw name="Maximize Browser Window" library="SeleniumLibrary">
<doc>Maximizes current browser window.</doc>
<status status="PASS" starttime="20231030 10:00:52.248" endtime="20231030 10:00:52.375"/>
</kw>
<kw name="Set Selenium Speed" library="SeleniumLibrary">
<arg>${_DELAY_}</arg>
<doc>Sets the delay that is waited after each Selenium command.</doc>
<status status="PASS" starttime="20231030 10:00:52.376" endtime="20231030 10:00:52.376"/>
</kw>
<kw name="Login Page Should Be Open" library="home_page_core">
<kw name="Title Should Be" library="SeleniumLibrary">
<arg>Login Page</arg>
<doc>Verifies that the current page title equals ``title``.</doc>
<msg timestamp="20231030 10:00:52.384" level="INFO">Page title is 'Login Page'.</msg>
<status status="PASS" starttime="20231030 10:00:52.376" endtime="20231030 10:00:52.384"/>
</kw>
<status status="PASS" starttime="20231030 10:00:52.376" endtime="20231030 10:00:52.384"/>
</kw>
<status status="PASS" starttime="20231030 10:00:50.380" endtime="20231030 10:00:52.384"/>
</kw>
<test id="s1-s1-s1-s2-t1" name="Invalid Username" line="18">
<kw name="Go To Login Page" library="home_page_core" type="SETUP">
<kw name="Go To" library="SeleniumLibrary">
<arg>${_LOGIN_URL_}</arg>
<doc>Navigates the current browser window to the provided ``url``.</doc>
<msg timestamp="20231030 10:00:52.386" level="INFO">Opening url 'http://localhost:7272/'</msg>
<status status="PASS" starttime="20231030 10:00:52.385" endtime="20231030 10:00:52.423"/>
</kw>
<kw name="Login Page Should Be Open" library="home_page_core">
<kw name="Title Should Be" library="SeleniumLibrary">
<arg>Login Page</arg>
<doc>Verifies that the current page title equals ``title``.</doc>
<msg timestamp="20231030 10:00:52.429" level="INFO">Page title is 'Login Page'.</msg>
<status status="PASS" starttime="20231030 10:00:52.424" endtime="20231030 10:00:52.429"/>
</kw>
<status status="PASS" starttime="20231030 10:00:52.423" endtime="20231030 10:00:52.430"/>
</kw>
<status status="PASS" starttime="20231030 10:00:52.385" endtime="20231030 10:00:52.430"/>
</kw>
<kw name="Login With Invalid Credentials Should Fail">
<arg>invalid</arg>
<arg>${VALID PASSWORD}</arg>
<tag>RBF-9</tag>
<doc>TEST INVALID LOGIN USING TDD STRATEGY</doc>
<kw name="Input Username" library="home_page_core">
<arg>${username}</arg>
<kw name="Input Text" library="SeleniumLibrary">
<arg>${input_login}</arg>
<arg>${username}</arg>
<doc>Types the given ``text`` into the text field identified by ``locator``.</doc>
<msg timestamp="20231030 10:00:52.432" level="INFO">Typing text 'invalid' into text field 'username_field'.</msg>
<status status="PASS" starttime="20231030 10:00:52.432" endtime="20231030 10:00:52.536"/>
</kw>
<status status="PASS" starttime="20231030 10:00:52.430" endtime="20231030 10:00:52.536"/>
</kw>
<kw name="Input Password" library="home_page_core">
<arg>${password}</arg>
<kw name="Input Text" library="SeleniumLibrary">
<arg>${input_password}</arg>
<arg>${password}</arg>
<doc>Types the given ``text`` into the text field identified by ``locator``.</doc>
<msg timestamp="20231030 10:00:52.537" level="INFO">Typing text 'mode' into text field 'password_field'.</msg>
<status status="PASS" starttime="20231030 10:00:52.537" endtime="20231030 10:00:52.605"/>
</kw>
<status status="PASS" starttime="20231030 10:00:52.536" endtime="20231030 10:00:52.605"/>
</kw>
<kw name="Submit Credentials" library="home_page_core">
<kw name="Click Button" library="SeleniumLibrary">
<arg>${btn_submit}</arg>
<doc>Clicks the button identified by ``locator``.</doc>
<msg timestamp="20231030 10:00:52.606" level="INFO">Clicking button 'login_button'.</msg>
<status status="PASS" starttime="20231030 10:00:52.605" endtime="20231030 10:00:52.729"/>
</kw>
<status status="PASS" starttime="20231030 10:00:52.605" endtime="20231030 10:00:52.729"/>
</kw>
<kw name="Login Should Have Failed">
<kw name="Location Should Be" library="SeleniumLibrary">
<arg>${ERROR URL}</arg>
<doc>Verifies that the current URL is exactly ``url``.</doc>
<msg timestamp="20231030 10:00:52.743" level="INFO">Current location is 'http://localhost:7272/error.html'.</msg>
<status status="PASS" starttime="20231030 10:00:52.730" endtime="20231030 10:00:52.743"/>
</kw>
<kw name="Title Should Be" library="SeleniumLibrary">
<arg>Error Page</arg>
<doc>Verifies that the current page title equals ``title``.</doc>
<msg timestamp="20231030 10:00:52.747" level="INFO">Page title is 'Error Page'.</msg>
<status status="PASS" starttime="20231030 10:00:52.743" endtime="20231030 10:00:52.747"/>
</kw>
<status status="PASS" starttime="20231030 10:00:52.730" endtime="20231030 10:00:52.747"/>
</kw>
<status status="PASS" starttime="20231030 10:00:52.430" endtime="20231030 10:00:52.747"/>
</kw>
<status status="PASS" starttime="20231030 10:00:52.384" endtime="20231030 10:00:52.747"/>
</test>
<test id="s1-s1-s1-s2-t2" name="Invalid Password" line="19">
<kw name="Go To Login Page" library="home_page_core" type="SETUP">
<kw name="Go To" library="SeleniumLibrary">
<arg>${_LOGIN_URL_}</arg>
<doc>Navigates the current browser window to the provided ``url``.</doc>
<msg timestamp="20231030 10:00:52.751" level="INFO">Opening url 'http://localhost:7272/'</msg>
<status status="PASS" starttime="20231030 10:00:52.751" endtime="20231030 10:00:52.797"/>
</kw>
<kw name="Login Page Should Be Open" library="home_page_core">
<kw name="Title Should Be" library="SeleniumLibrary">
<arg>Login Page</arg>
<doc>Verifies that the current page title equals ``title``.</doc>
<msg timestamp="20231030 10:00:52.803" level="INFO">Page title is 'Login Page'.</msg>
<status status="PASS" starttime="20231030 10:00:52.798" endtime="20231030 10:00:52.803"/>
</kw>
<status status="PASS" starttime="20231030 10:00:52.798" endtime="20231030 10:00:52.803"/>
</kw>
<status status="PASS" starttime="20231030 10:00:52.751" endtime="20231030 10:00:52.803"/>
</kw>
<kw name="Login With Invalid Credentials Should Fail">
<arg>${VALID USER}</arg>
<arg>invalid</arg>
<tag>RBF-9</tag>
<doc>TEST INVALID LOGIN USING TDD STRATEGY</doc>
<kw name="Input Username" library="home_page_core">
<arg>${username}</arg>
<kw name="Input Text" library="SeleniumLibrary">
<arg>${input_login}</arg>
<arg>${username}</arg>
<doc>Types the given ``text`` into the text field identified by ``locator``.</doc>
<msg timestamp="20231030 10:00:52.805" level="INFO">Typing text 'demo' into text field 'username_field'.</msg>
<status status="PASS" starttime="20231030 10:00:52.804" endtime="20231030 10:00:52.897"/>
</kw>
<status status="PASS" starttime="20231030 10:00:52.804" endtime="20231030 10:00:52.897"/>
</kw>
<kw name="Input Password" library="home_page_core">
<arg>${password}</arg>
<kw name="Input Text" library="SeleniumLibrary">
<arg>${input_password}</arg>
<arg>${password}</arg>
<doc>Types the given ``text`` into the text field identified by ``locator``.</doc>
<msg timestamp="20231030 10:00:52.898" level="INFO">Typing text 'invalid' into text field 'password_field'.</msg>
<status status="PASS" starttime="20231030 10:00:52.898" endtime="20231030 10:00:52.971"/>
</kw>
<status status="PASS" starttime="20231030 10:00:52.897" endtime="20231030 10:00:52.971"/>
</kw>
<kw name="Submit Credentials" library="home_page_core">
<kw name="Click Button" library="SeleniumLibrary">
<arg>${btn_submit}</arg>
<doc>Clicks the button identified by ``locator``.</doc>
<msg timestamp="20231030 10:00:52.972" level="INFO">Clicking button 'login_button'.</msg>
<status status="PASS" starttime="20231030 10:00:52.971" endtime="20231030 10:00:53.056"/>
</kw>
<status status="PASS" starttime="20231030 10:00:52.971" endtime="20231030 10:00:53.056"/>
</kw>
<kw name="Login Should Have Failed">
<kw name="Location Should Be" library="SeleniumLibrary">
<arg>${ERROR URL}</arg>
<doc>Verifies that the current URL is exactly ``url``.</doc>
<msg timestamp="20231030 10:00:53.064" level="INFO">Current location is 'http://localhost:7272/error.html'.</msg>
<status status="PASS" starttime="20231030 10:00:53.056" endtime="20231030 10:00:53.064"/>
</kw>
<kw name="Title Should Be" library="SeleniumLibrary">
<arg>Error Page</arg>
<doc>Verifies that the current page title equals ``title``.</doc>
<msg timestamp="20231030 10:00:53.067" level="INFO">Page title is 'Error Page'.</msg>
<status status="PASS" starttime="20231030 10:00:53.064" endtime="20231030 10:00:53.067"/>
</kw>
<status status="PASS" starttime="20231030 10:00:53.056" endtime="20231030 10:00:53.067"/>
</kw>
<status status="PASS" starttime="20231030 10:00:52.804" endtime="20231030 10:00:53.067"/>
</kw>
<status status="PASS" starttime="20231030 10:00:52.750" endtime="20231030 10:00:53.068"/>
</test>
<test id="s1-s1-s1-s2-t3" name="Invalid Username And Password" line="20">
<kw name="Go To Login Page" library="home_page_core" type="SETUP">
<kw name="Go To" library="SeleniumLibrary">
<arg>${_LOGIN_URL_}</arg>
<doc>Navigates the current browser window to the provided ``url``.</doc>
<msg timestamp="20231030 10:00:53.070" level="INFO">Opening url 'http://localhost:7272/'</msg>
<status status="PASS" starttime="20231030 10:00:53.070" endtime="20231030 10:00:53.105"/>
</kw>
<kw name="Login Page Should Be Open" library="home_page_core">
<kw name="Title Should Be" library="SeleniumLibrary">
<arg>Login Page</arg>
<doc>Verifies that the current page title equals ``title``.</doc>
<msg timestamp="20231030 10:00:53.115" level="INFO">Page title is 'Login Page'.</msg>
<status status="PASS" starttime="20231030 10:00:53.106" endtime="20231030 10:00:53.115"/>
</kw>
<status status="PASS" starttime="20231030 10:00:53.106" endtime="20231030 10:00:53.115"/>
</kw>
<status status="PASS" starttime="20231030 10:00:53.070" endtime="20231030 10:00:53.115"/>
</kw>
<kw name="Login With Invalid Credentials Should Fail">
<arg>invalid</arg>
<arg>whatever</arg>
<tag>RBF-9</tag>
<doc>TEST INVALID LOGIN USING TDD STRATEGY</doc>
<kw name="Input Username" library="home_page_core">
<arg>${username}</arg>
<kw name="Input Text" library="SeleniumLibrary">
<arg>${input_login}</arg>
<arg>${username}</arg>
<doc>Types the given ``text`` into the text field identified by ``locator``.</doc>
<msg timestamp="20231030 10:00:53.116" level="INFO">Typing text 'invalid' into text field 'username_field'.</msg>
<status status="PASS" starttime="20231030 10:00:53.116" endtime="20231030 10:00:53.195"/>
</kw>
<status status="PASS" starttime="20231030 10:00:53.116" endtime="20231030 10:00:53.195"/>
</kw>
<kw name="Input Password" library="home_page_core">
<arg>${password}</arg>
<kw name="Input Text" library="SeleniumLibrary">
<arg>${input_password}</arg>
<arg>${password}</arg>
<doc>Types the given ``text`` into the text field identified by ``locator``.</doc>
<msg timestamp="20231030 10:00:53.196" level="INFO">Typing text 'whatever' into text field 'password_field'.</msg>
<status status="PASS" starttime="20231030 10:00:53.196" endtime="20231030 10:00:53.274"/>
</kw>
<status status="PASS" starttime="20231030 10:00:53.195" endtime="20231030 10:00:53.274"/>
</kw>
<kw name="Submit Credentials" library="home_page_core">
<kw name="Click Button" library="SeleniumLibrary">
<arg>${btn_submit}</arg>
<doc>Clicks the button identified by ``locator``.</doc>
<msg timestamp="20231030 10:00:53.275" level="INFO">Clicking button 'login_button'.</msg>
<status status="PASS" starttime="20231030 10:00:53.274" endtime="20231030 10:00:53.353"/>
</kw>
<status status="PASS" starttime="20231030 10:00:53.274" endtime="20231030 10:00:53.354"/>
</kw>
<kw name="Login Should Have Failed">
<kw name="Location Should Be" library="SeleniumLibrary">
<arg>${ERROR URL}</arg>
<doc>Verifies that the current URL is exactly ``url``.</doc>
<msg timestamp="20231030 10:00:53.361" level="INFO">Current location is 'http://localhost:7272/error.html'.</msg>
<status status="PASS" starttime="20231030 10:00:53.354" endtime="20231030 10:00:53.361"/>
</kw>
<kw name="Title Should Be" library="SeleniumLibrary">
<arg>Error Page</arg>
<doc>Verifies that the current page title equals ``title``.</doc>
<msg timestamp="20231030 10:00:53.364" level="INFO">Page title is 'Error Page'.</msg>
<status status="PASS" starttime="20231030 10:00:53.361" endtime="20231030 10:00:53.364"/>
</kw>
<status status="PASS" starttime="20231030 10:00:53.354" endtime="20231030 10:00:53.364"/>
</kw>
<status status="PASS" starttime="20231030 10:00:53.115" endtime="20231030 10:00:53.364"/>
</kw>
<status status="PASS" starttime="20231030 10:00:53.068" endtime="20231030 10:00:53.365"/>
</test>
<test id="s1-s1-s1-s2-t4" name="Empty Username" line="21">
<kw name="Go To Login Page" library="home_page_core" type="SETUP">
<kw name="Go To" library="SeleniumLibrary">
<arg>${_LOGIN_URL_}</arg>
<doc>Navigates the current browser window to the provided ``url``.</doc>
<msg timestamp="20231030 10:00:53.367" level="INFO">Opening url 'http://localhost:7272/'</msg>
<status status="PASS" starttime="20231030 10:00:53.367" endtime="20231030 10:00:53.400"/>
</kw>
<kw name="Login Page Should Be Open" library="home_page_core">
<kw name="Title Should Be" library="SeleniumLibrary">
<arg>Login Page</arg>
<doc>Verifies that the current page title equals ``title``.</doc>
<msg timestamp="20231030 10:00:53.408" level="INFO">Page title is 'Login Page'.</msg>
<status status="PASS" starttime="20231030 10:00:53.401" endtime="20231030 10:00:53.409"/>
</kw>
<status status="PASS" starttime="20231030 10:00:53.401" endtime="20231030 10:00:53.409"/>
</kw>
<status status="PASS" starttime="20231030 10:00:53.366" endtime="20231030 10:00:53.409"/>
</kw>
<kw name="Login With Invalid Credentials Should Fail">
<arg>${EMPTY}</arg>
<arg>${VALID PASSWORD}</arg>
<tag>RBF-9</tag>
<doc>TEST INVALID LOGIN USING TDD STRATEGY</doc>
<kw name="Input Username" library="home_page_core">
<arg>${username}</arg>
<kw name="Input Text" library="SeleniumLibrary">
<arg>${input_login}</arg>
<arg>${username}</arg>
<doc>Types the given ``text`` into the text field identified by ``locator``.</doc>
<msg timestamp="20231030 10:00:53.412" level="INFO">Typing text '' into text field 'username_field'.</msg>
<status status="PASS" starttime="20231030 10:00:53.411" endtime="20231030 10:00:53.477"/>
</kw>
<status status="PASS" starttime="20231030 10:00:53.411" endtime="20231030 10:00:53.477"/>
</kw>
<kw name="Input Password" library="home_page_core">
<arg>${password}</arg>
<kw name="Input Text" library="SeleniumLibrary">
<arg>${input_password}</arg>
<arg>${password}</arg>
<doc>Types the given ``text`` into the text field identified by ``locator``.</doc>
<msg timestamp="20231030 10:00:53.478" level="INFO">Typing text 'mode' into text field 'password_field'.</msg>
<status status="PASS" starttime="20231030 10:00:53.478" endtime="20231030 10:00:53.542"/>
</kw>
<status status="PASS" starttime="20231030 10:00:53.477" endtime="20231030 10:00:53.542"/>
</kw>
<kw name="Submit Credentials" library="home_page_core">
<kw name="Click Button" library="SeleniumLibrary">
<arg>${btn_submit}</arg>
<doc>Clicks the button identified by ``locator``.</doc>
<msg timestamp="20231030 10:00:53.542" level="INFO">Clicking button 'login_button'.</msg>
<status status="PASS" starttime="20231030 10:00:53.542" endtime="20231030 10:00:53.613"/>
</kw>
<status status="PASS" starttime="20231030 10:00:53.542" endtime="20231030 10:00:53.613"/>
</kw>
<kw name="Login Should Have Failed">
<kw name="Location Should Be" library="SeleniumLibrary">
<arg>${ERROR URL}</arg>
<doc>Verifies that the current URL is exactly ``url``.</doc>
<msg timestamp="20231030 10:00:53.621" level="INFO">Current location is 'http://localhost:7272/error.html'.</msg>
<status status="PASS" starttime="20231030 10:00:53.614" endtime="20231030 10:00:53.622"/>
</kw>
<kw name="Title Should Be" library="SeleniumLibrary">
<arg>Error Page</arg>
<doc>Verifies that the current page title equals ``title``.</doc>
<msg timestamp="20231030 10:00:53.626" level="INFO">Page title is 'Error Page'.</msg>
<status status="PASS" starttime="20231030 10:00:53.622" endtime="20231030 10:00:53.626"/>
</kw>
<status status="PASS" starttime="20231030 10:00:53.614" endtime="20231030 10:00:53.626"/>
</kw>
<status status="PASS" starttime="20231030 10:00:53.410" endtime="20231030 10:00:53.626"/>
</kw>
<status status="PASS" starttime="20231030 10:00:53.366" endtime="20231030 10:00:53.626"/>
</test>
<test id="s1-s1-s1-s2-t5" name="Empty Password" line="22">
<kw name="Go To Login Page" library="home_page_core" type="SETUP">
<kw name="Go To" library="SeleniumLibrary">
<arg>${_LOGIN_URL_}</arg>
<doc>Navigates the current browser window to the provided ``url``.</doc>
<msg timestamp="20231030 10:00:53.628" level="INFO">Opening url 'http://localhost:7272/'</msg>
<status status="PASS" starttime="20231030 10:00:53.628" endtime="20231030 10:00:53.667"/>
</kw>
<kw name="Login Page Should Be Open" library="home_page_core">
<kw name="Title Should Be" library="SeleniumLibrary">
<arg>Login Page</arg>
<doc>Verifies that the current page title equals ``title``.</doc>
<msg timestamp="20231030 10:00:53.675" level="INFO">Page title is 'Login Page'.</msg>
<status status="PASS" starttime="20231030 10:00:53.668" endtime="20231030 10:00:53.675"/>
</kw>
<status status="PASS" starttime="20231030 10:00:53.667" endtime="20231030 10:00:53.675"/>
</kw>
<status status="PASS" starttime="20231030 10:00:53.628" endtime="20231030 10:00:53.675"/>
</kw>
<kw name="Login With Invalid Credentials Should Fail">
<arg>${VALID USER}</arg>
<arg>${EMPTY}</arg>
<tag>RBF-9</tag>
<doc>TEST INVALID LOGIN USING TDD STRATEGY</doc>
<kw name="Input Username" library="home_page_core">
<arg>${username}</arg>
<kw name="Input Text" library="SeleniumLibrary">
<arg>${input_login}</arg>
<arg>${username}</arg>
<doc>Types the given ``text`` into the text field identified by ``locator``.</doc>
<msg timestamp="20231030 10:00:53.677" level="INFO">Typing text 'demo' into text field 'username_field'.</msg>
<status status="PASS" starttime="20231030 10:00:53.677" endtime="20231030 10:00:53.760"/>
</kw>
<status status="PASS" starttime="20231030 10:00:53.676" endtime="20231030 10:00:53.760"/>
</kw>
<kw name="Input Password" library="home_page_core">
<arg>${password}</arg>
<kw name="Input Text" library="SeleniumLibrary">
<arg>${input_password}</arg>
<arg>${password}</arg>
<doc>Types the given ``text`` into the text field identified by ``locator``.</doc>
<msg timestamp="20231030 10:00:53.761" level="INFO">Typing text '' into text field 'password_field'.</msg>
<status status="PASS" starttime="20231030 10:00:53.760" endtime="20231030 10:00:53.825"/>
</kw>
<status status="PASS" starttime="20231030 10:00:53.760" endtime="20231030 10:00:53.825"/>
</kw>
<kw name="Submit Credentials" library="home_page_core">
<kw name="Click Button" library="SeleniumLibrary">
<arg>${btn_submit}</arg>
<doc>Clicks the button identified by ``locator``.</doc>
<msg timestamp="20231030 10:00:53.825" level="INFO">Clicking button 'login_button'.</msg>
<status status="PASS" starttime="20231030 10:00:53.825" endtime="20231030 10:00:53.898"/>
</kw>
<status status="PASS" starttime="20231030 10:00:53.825" endtime="20231030 10:00:53.898"/>
</kw>
<kw name="Login Should Have Failed">
<kw name="Location Should Be" library="SeleniumLibrary">
<arg>${ERROR URL}</arg>
<doc>Verifies that the current URL is exactly ``url``.</doc>
<msg timestamp="20231030 10:00:53.905" level="INFO">Current location is 'http://localhost:7272/error.html'.</msg>
<status status="PASS" starttime="20231030 10:00:53.899" endtime="20231030 10:00:53.905"/>
</kw>
<kw name="Title Should Be" library="SeleniumLibrary">
<arg>Error Page</arg>
<doc>Verifies that the current page title equals ``title``.</doc>
<msg timestamp="20231030 10:00:53.913" level="INFO">Page title is 'Error Page'.</msg>
<status status="PASS" starttime="20231030 10:00:53.905" endtime="20231030 10:00:53.913"/>
</kw>
<status status="PASS" starttime="20231030 10:00:53.898" endtime="20231030 10:00:53.913"/>
</kw>
<status status="PASS" starttime="20231030 10:00:53.676" endtime="20231030 10:00:53.913"/>
</kw>
<status status="PASS" starttime="20231030 10:00:53.627" endtime="20231030 10:00:53.913"/>
</test>
<test id="s1-s1-s1-s2-t6" name="Empty Username And Password" line="23">
<kw name="Go To Login Page" library="home_page_core" type="SETUP">
<kw name="Go To" library="SeleniumLibrary">
<arg>${_LOGIN_URL_}</arg>
<doc>Navigates the current browser window to the provided ``url``.</doc>
<msg timestamp="20231030 10:00:53.915" level="INFO">Opening url 'http://localhost:7272/'</msg>
<status status="PASS" starttime="20231030 10:00:53.915" endtime="20231030 10:00:53.958"/>
</kw>
<kw name="Login Page Should Be Open" library="home_page_core">
<kw name="Title Should Be" library="SeleniumLibrary">
<arg>Login Page</arg>
<doc>Verifies that the current page title equals ``title``.</doc>
<msg timestamp="20231030 10:00:53.964" level="INFO">Page title is 'Login Page'.</msg>
<status status="PASS" starttime="20231030 10:00:53.959" endtime="20231030 10:00:53.965"/>
</kw>
<status status="PASS" starttime="20231030 10:00:53.958" endtime="20231030 10:00:53.965"/>
</kw>
<status status="PASS" starttime="20231030 10:00:53.915" endtime="20231030 10:00:53.965"/>
</kw>
<kw name="Login With Invalid Credentials Should Fail">
<arg>${EMPTY}</arg>
<arg>${EMPTY}</arg>
<tag>RBF-9</tag>
<doc>TEST INVALID LOGIN USING TDD STRATEGY</doc>
<kw name="Input Username" library="home_page_core">
<arg>${username}</arg>
<kw name="Input Text" library="SeleniumLibrary">
<arg>${input_login}</arg>
<arg>${username}</arg>
<doc>Types the given ``text`` into the text field identified by ``locator``.</doc>
<msg timestamp="20231030 10:00:53.966" level="INFO">Typing text '' into text field 'username_field'.</msg>
<status status="PASS" starttime="20231030 10:00:53.966" endtime="20231030 10:00:54.034"/>
</kw>
<status status="PASS" starttime="20231030 10:00:53.966" endtime="20231030 10:00:54.034"/>
</kw>
<kw name="Input Password" library="home_page_core">
<arg>${password}</arg>
<kw name="Input Text" library="SeleniumLibrary">
<arg>${input_password}</arg>
<arg>${password}</arg>
<doc>Types the given ``text`` into the text field identified by ``locator``.</doc>
<msg timestamp="20231030 10:00:54.035" level="INFO">Typing text '' into text field 'password_field'.</msg>
<status status="PASS" starttime="20231030 10:00:54.035" endtime="20231030 10:00:54.094"/>
</kw>
<status status="PASS" starttime="20231030 10:00:54.034" endtime="20231030 10:00:54.094"/>
</kw>
<kw name="Submit Credentials" library="home_page_core">
<kw name="Click Button" library="SeleniumLibrary">
<arg>${btn_submit}</arg>
<doc>Clicks the button identified by ``locator``.</doc>
<msg timestamp="20231030 10:00:54.094" level="INFO">Clicking button 'login_button'.</msg>
<status status="PASS" starttime="20231030 10:00:54.094" endtime="20231030 10:00:54.161"/>
</kw>
<status status="PASS" starttime="20231030 10:00:54.094" endtime="20231030 10:00:54.161"/>
</kw>
<kw name="Login Should Have Failed">
<kw name="Location Should Be" library="SeleniumLibrary">
<arg>${ERROR URL}</arg>
<doc>Verifies that the current URL is exactly ``url``.</doc>
<msg timestamp="20231030 10:00:54.169" level="INFO">Current location is 'http://localhost:7272/error.html'.</msg>
<status status="PASS" starttime="20231030 10:00:54.161" endtime="20231030 10:00:54.169"/>
</kw>
<kw name="Title Should Be" library="SeleniumLibrary">
<arg>Error Page</arg>
<doc>Verifies that the current page title equals ``title``.</doc>
<msg timestamp="20231030 10:00:54.173" level="INFO">Page title is 'Error Page'.</msg>
<status status="PASS" starttime="20231030 10:00:54.169" endtime="20231030 10:00:54.173"/>
</kw>
<status status="PASS" starttime="20231030 10:00:54.161" endtime="20231030 10:00:54.173"/>
</kw>
<status status="PASS" starttime="20231030 10:00:53.965" endtime="20231030 10:00:54.173"/>
</kw>
<status status="PASS" starttime="20231030 10:00:53.914" endtime="20231030 10:00:54.174"/>
</test>
<kw name="Close Browser" library="SeleniumLibrary" type="TEARDOWN">
<doc>Closes the current browser.</doc>
<status status="PASS" starttime="20231030 10:00:54.175" endtime="20231030 10:00:56.324"/>
</kw>
<doc>A test suite containing tests related to invalid login.

These tests are data-driven by their nature. They use a single
keyword, specified with Test Template setting, that is called
with different arguments to cover different scenarios.

This suite also demonstrates using setups and teardowns in
different levels.</doc>
<status status="PASS" starttime="20231030 10:00:50.377" endtime="20231030 10:00:56.324"/>
</suite>
<suite id="s1-s1-s1-s3" name="Valid Login" source="C:\Users\HP\Documents\azure\MyFirstProject\web_tests\tests\valid_login.robot">
<test id="s1-s1-s1-s3-t1" name="Valid Login" line="8">
<kw name="Open Browser To Login Page" library="home_page_core">
<kw name="Open Browser" library="SeleniumLibrary">
<arg>${_LOGIN_URL_}</arg>
<arg>${_BROWSER_}</arg>
<doc>Opens a new browser instance to the optional ``url``.</doc>
<msg timestamp="20231030 10:00:56.332" level="INFO">Opening browser 'EDGE' to base url 'http://localhost:7272/'.</msg>
<msg timestamp="20231030 10:00:56.765" level="WARN">The msedgedriver version (117.0.2045.60) detected in PATH at C:\Users\HP\AppData\Local\Programs\Python\Python312\Scripts\msedgedriver.exe might not be compatible with the detected edge version (118.0.2088.61); currently, msedgedriver 118.0.2088.76 is recommended for edge 118.*, so it is advised to delete the driver in PATH and retry</msg>
<status status="PASS" starttime="20231030 10:00:56.332" endtime="20231030 10:00:58.228"/>
</kw>
<kw name="Maximize Browser Window" library="SeleniumLibrary">
<doc>Maximizes current browser window.</doc>
<status status="PASS" starttime="20231030 10:00:58.228" endtime="20231030 10:00:58.351"/>
</kw>
<kw name="Set Selenium Speed" library="SeleniumLibrary">
<arg>${_DELAY_}</arg>
<doc>Sets the delay that is waited after each Selenium command.</doc>
<status status="PASS" starttime="20231030 10:00:58.352" endtime="20231030 10:00:58.352"/>
</kw>
<kw name="Login Page Should Be Open" library="home_page_core">
<kw name="Title Should Be" library="SeleniumLibrary">
<arg>Login Page</arg>
<doc>Verifies that the current page title equals ``title``.</doc>
<msg timestamp="20231030 10:00:58.359" level="INFO">Page title is 'Login Page'.</msg>
<status status="PASS" starttime="20231030 10:00:58.352" endtime="20231030 10:00:58.359"/>
</kw>
<status status="PASS" starttime="20231030 10:00:58.352" endtime="20231030 10:00:58.359"/>
</kw>
<status status="PASS" starttime="20231030 10:00:56.332" endtime="20231030 10:00:58.359"/>
</kw>
<kw name="Input Username" library="home_page_core">
<arg>demo</arg>
<kw name="Input Text" library="SeleniumLibrary">
<arg>${input_login}</arg>
<arg>${username}</arg>
<doc>Types the given ``text`` into the text field identified by ``locator``.</doc>
<msg timestamp="20231030 10:00:58.361" level="INFO">Typing text 'demo' into text field 'username_field'.</msg>
<status status="PASS" starttime="20231030 10:00:58.360" endtime="20231030 10:00:58.470"/>
</kw>
<status status="PASS" starttime="20231030 10:00:58.360" endtime="20231030 10:00:58.470"/>
</kw>
<kw name="Input Password" library="home_page_core">
<arg>mode</arg>
<kw name="Input Text" library="SeleniumLibrary">
<arg>${input_password}</arg>
<arg>${password}</arg>
<doc>Types the given ``text`` into the text field identified by ``locator``.</doc>
<msg timestamp="20231030 10:00:58.472" level="INFO">Typing text 'mode' into text field 'password_field'.</msg>
<status status="PASS" starttime="20231030 10:00:58.471" endtime="20231030 10:00:58.551"/>
</kw>
<status status="PASS" starttime="20231030 10:00:58.470" endtime="20231030 10:00:58.551"/>
</kw>
<kw name="Submit Credentials" library="home_page_core">
<kw name="Click Button" library="SeleniumLibrary">
<arg>${btn_submit}</arg>
<doc>Clicks the button identified by ``locator``.</doc>
<msg timestamp="20231030 10:00:58.552" level="INFO">Clicking button 'login_button'.</msg>
<status status="PASS" starttime="20231030 10:00:58.551" endtime="20231030 10:00:58.638"/>
</kw>
<status status="PASS" starttime="20231030 10:00:58.551" endtime="20231030 10:00:58.638"/>
</kw>
<kw name="Welcome Page Should Be Open" library="home_page_core">
<kw name="Location Should Be" library="SeleniumLibrary">
<arg>${_WELCOME_URL_}</arg>
<doc>Verifies that the current URL is exactly ``url``.</doc>
<msg timestamp="20231030 10:00:58.645" level="INFO">Current location is 'http://localhost:7272/welcome.html'.</msg>
<status status="PASS" starttime="20231030 10:00:58.638" endtime="20231030 10:00:58.645"/>
</kw>
<kw name="Title Should Be" library="SeleniumLibrary">
<arg>Welcome Page</arg>
<doc>Verifies that the current page title equals ``title``.</doc>
<msg timestamp="20231030 10:00:58.649" level="INFO">Page title is 'Welcome Page'.</msg>
<status status="PASS" starttime="20231030 10:00:58.645" endtime="20231030 10:00:58.650"/>
</kw>
<status status="PASS" starttime="20231030 10:00:58.638" endtime="20231030 10:00:58.650"/>
</kw>
<kw name="Close Browser" library="SeleniumLibrary" type="TEARDOWN">
<doc>Closes the current browser.</doc>
<status status="PASS" starttime="20231030 10:00:58.651" endtime="20231030 10:01:00.806"/>
</kw>
<doc>TEST VALID LOGIN</doc>
<tag>RBF-8</tag>
<tag>valid login</tag>
<status status="PASS" starttime="20231030 10:00:56.332" endtime="20231030 10:01:00.806"/>
</test>
<doc>A test suite with a single test for valid login.

This test has a workflow that is created using keywords in
the imported resource file.</doc>
<status status="PASS" starttime="20231030 10:00:56.326" endtime="20231030 10:01:00.808"/>
</suite>
<status status="PASS" starttime="20231030 10:00:45.517" endtime="20231030 10:01:00.810"/>
</suite>
<status status="PASS" starttime="20231030 10:00:45.516" endtime="20231030 10:01:00.811"/>
</suite>
<status status="PASS" starttime="20231030 10:00:45.505" endtime="20231030 10:01:00.812"/>
</suite>
<statistics>
<total>
<stat pass="8" fail="0" skip="0">All Tests</stat>
</total>
<tag>
<stat pass="1" fail="0" skip="0">RBF-12</stat>
<stat pass="1" fail="0" skip="0">RBF-8</stat>
<stat pass="1" fail="0" skip="0">valid login</stat>
<stat pass="1" fail="0" skip="0">WEB_TEST</stat>
</tag>
<suite>
<stat pass="8" fail="0" skip="0" id="s1" name="MyFirstProject">MyFirstProject</stat>
<stat pass="8" fail="0" skip="0" id="s1-s1" name="Web Tests">MyFirstProject.Web Tests</stat>
<stat pass="8" fail="0" skip="0" id="s1-s1-s1" name="Tests">MyFirstProject.Web Tests.Tests</stat>
<stat pass="1" fail="0" skip="0" id="s1-s1-s1-s1" name="Gherkin Login">MyFirstProject.Web Tests.Tests.Gherkin Login</stat>
<stat pass="6" fail="0" skip="0" id="s1-s1-s1-s2" name="Tdd Invalid Login">MyFirstProject.Web Tests.Tests.Tdd Invalid Login</stat>
<stat pass="1" fail="0" skip="0" id="s1-s1-s1-s3" name="Valid Login">MyFirstProject.Web Tests.Tests.Valid Login</stat>
</suite>
</statistics>
<errors>
<msg timestamp="20231030 10:00:46.125" level="WARN">The msedgedriver version (117.0.2045.60) detected in PATH at C:\Users\HP\AppData\Local\Programs\Python\Python312\Scripts\msedgedriver.exe might not be compatible with the detected edge version (118.0.2088.61); currently, msedgedriver 118.0.2088.76 is recommended for edge 118.*, so it is advised to delete the driver in PATH and retry</msg>
<msg timestamp="20231030 10:00:50.786" level="WARN">The msedgedriver version (117.0.2045.60) detected in PATH at C:\Users\HP\AppData\Local\Programs\Python\Python312\Scripts\msedgedriver.exe might not be compatible with the detected edge version (118.0.2088.61); currently, msedgedriver 118.0.2088.76 is recommended for edge 118.*, so it is advised to delete the driver in PATH and retry</msg>
<msg timestamp="20231030 10:00:56.765" level="WARN">The msedgedriver version (117.0.2045.60) detected in PATH at C:\Users\HP\AppData\Local\Programs\Python\Python312\Scripts\msedgedriver.exe might not be compatible with the detected edge version (118.0.2088.61); currently, msedgedriver 118.0.2088.76 is recommended for edge 118.*, so it is advised to delete the driver in PATH and retry</msg>
</errors>
</robot>
